{"type":"server-started","port":63007,"host":"127.0.0.1","url_host":"localhost","url":"http://localhost:63007","screen_dir":"/Users/Koji/Library/CloudStorage/GoogleDrive-koji@nxta.co/My Drive/NXT Product Development/NXT-A1 名片整理器/nxt-a1-meishi/.superpowers/brainstorm/35171-1777079750/content","state_dir":"/Users/Koji/Library/CloudStorage/GoogleDrive-koji@nxta.co/My Drive/NXT Product Development/NXT-A1 名片整理器/nxt-a1-meishi/.superpowers/brainstorm/35171-1777079750/state"}
{"type":"screen-added","file":"/Users/Koji/Library/CloudStorage/GoogleDrive-koji@nxta.co/My Drive/NXT Product Development/NXT-A1 名片整理器/nxt-a1-meishi/.superpowers/brainstorm/35171-1777079750/content/waiting.html"}
{"type":"screen-updated","file":"/Users/Koji/Library/CloudStorage/GoogleDrive-koji@nxta.co/My Drive/NXT Product Development/NXT-A1 名片整理器/nxt-a1-meishi/.superpowers/brainstorm/35171-1777079750/content/waiting.html"}
{"type":"screen-updated","file":"/Users/Koji/Library/CloudStorage/GoogleDrive-koji@nxta.co/My Drive/NXT Product Development/NXT-A1 名片整理器/nxt-a1-meishi/.superpowers/brainstorm/35171-1777079750/content/waiting.html"}
{"type":"screen-added","file":"/Users/Koji/Library/CloudStorage/GoogleDrive-koji@nxta.co/My Drive/NXT Product Development/NXT-A1 名片整理器/nxt-a1-meishi/.superpowers/brainstorm/35171-1777079750/content/approaches.html"}
{"type":"screen-updated","file":"/Users/Koji/Library/CloudStorage/GoogleDrive-koji@nxta.co/My Drive/NXT Product Development/NXT-A1 名片整理器/nxt-a1-meishi/.superpowers/brainstorm/35171-1777079750/content/approaches.html"}
{"type":"screen-updated","file":"/Users/Koji/Library/CloudStorage/GoogleDrive-koji@nxta.co/My Drive/NXT Product Development/NXT-A1 名片整理器/nxt-a1-meishi/.superpowers/brainstorm/35171-1777079750/content/approaches.html"}
{"type":"screen-updated","file":"/Users/Koji/Library/CloudStorage/GoogleDrive-koji@nxta.co/My Drive/NXT Product Development/NXT-A1 名片整理器/nxt-a1-meishi/.superpowers/brainstorm/35171-1777079750/content/approaches.html"}
{"type":"screen-added","file":"/Users/Koji/Library/CloudStorage/GoogleDrive-koji@nxta.co/My Drive/NXT Product Development/NXT-A1 名片整理器/nxt-a1-meishi/.superpowers/brainstorm/35171-1777079750/content/design-duplicate.html"}
{"type":"screen-updated","file":"/Users/Koji/Library/CloudStorage/GoogleDrive-koji@nxta.co/My Drive/NXT Product Development/NXT-A1 名片整理器/nxt-a1-meishi/.superpowers/brainstorm/35171-1777079750/content/design-duplicate.html"}
{"type":"screen-updated","file":"/Users/Koji/Library/CloudStorage/GoogleDrive-koji@nxta.co/My Drive/NXT Product Development/NXT-A1 名片整理器/nxt-a1-meishi/.superpowers/brainstorm/35171-1777079750/content/design-duplicate.html"}
{"type":"screen-updated","file":"/Users/Koji/Library/CloudStorage/GoogleDrive-koji@nxta.co/My Drive/NXT Product Development/NXT-A1 名片整理器/nxt-a1-meishi/.superpowers/brainstorm/35171-1777079750/content/design-duplicate.html"}
{"type":"screen-added","file":"/Users/Koji/Library/CloudStorage/GoogleDrive-koji@nxta.co/My Drive/NXT Product Development/NXT-A1 名片整理器/nxt-a1-meishi/.superpowers/brainstorm/35171-1777079750/content/design-duplicate-v2.html"}
{"type":"screen-updated","file":"/Users/Koji/Library/CloudStorage/GoogleDrive-koji@nxta.co/My Drive/NXT Product Development/NXT-A1 名片整理器/nxt-a1-meishi/.superpowers/brainstorm/35171-1777079750/content/design-duplicate-v2.html"}
{"type":"screen-updated","file":"/Users/Koji/Library/CloudStorage/GoogleDrive-koji@nxta.co/My Drive/NXT Product Development/NXT-A1 名片整理器/nxt-a1-meishi/.superpowers/brainstorm/35171-1777079750/content/design-duplicate-v2.html"}
{"type":"screen-updated","file":"/Users/Koji/Library/CloudStorage/GoogleDrive-koji@nxta.co/My Drive/NXT Product Development/NXT-A1 名片整理器/nxt-a1-meishi/.superpowers/brainstorm/35171-1777079750/content/design-duplicate-v2.html"}
{"type":"screen-added","file":"/Users/Koji/Library/CloudStorage/GoogleDrive-koji@nxta.co/My Drive/NXT Product Development/NXT-A1 名片整理器/nxt-a1-meishi/.superpowers/brainstorm/35171-1777079750/content/design-duplicate-v3.html"}
{"type":"screen-updated","file":"/Users/Koji/Library/CloudStorage/GoogleDrive-koji@nxta.co/My Drive/NXT Product Development/NXT-A1 名片整理器/nxt-a1-meishi/.superpowers/brainstorm/35171-1777079750/content/design-duplicate-v3.html"}
{"type":"screen-updated","file":"/Users/Koji/Library/CloudStorage/GoogleDrive-koji@nxta.co/My Drive/NXT Product Development/NXT-A1 名片整理器/nxt-a1-meishi/.superpowers/brainstorm/35171-1777079750/content/design-duplicate-v3.html"}
{"type":"screen-updated","file":"/Users/Koji/Library/CloudStorage/GoogleDrive-koji@nxta.co/My Drive/NXT Product Development/NXT-A1 名片整理器/nxt-a1-meishi/.superpowers/brainstorm/35171-1777079750/content/design-duplicate-v3.html"}
{"type":"screen-added","file":"/Users/Koji/Library/CloudStorage/GoogleDrive-koji@nxta.co/My Drive/NXT Product Development/NXT-A1 名片整理器/nxt-a1-meishi/.superpowers/brainstorm/35171-1777079750/content/design-export.html"}
{"type":"screen-updated","file":"/Users/Koji/Library/CloudStorage/GoogleDrive-koji@nxta.co/My Drive/NXT Product Development/NXT-A1 名片整理器/nxt-a1-meishi/.superpowers/brainstorm/35171-1777079750/content/design-export.html"}
{"type":"screen-updated","file":"/Users/Koji/Library/CloudStorage/GoogleDrive-koji@nxta.co/My Drive/NXT Product Development/NXT-A1 名片整理器/nxt-a1-meishi/.superpowers/brainstorm/35171-1777079750/content/design-export.html"}
{"type":"screen-updated","file":"/Users/Koji/Library/CloudStorage/GoogleDrive-koji@nxta.co/My Drive/NXT Product Development/NXT-A1 名片整理器/nxt-a1-meishi/.superpowers/brainstorm/35171-1777079750/content/design-export.html"}
{"type":"screen-added","file":"/Users/Koji/Library/CloudStorage/GoogleDrive-koji@nxta.co/My Drive/NXT Product Development/NXT-A1 名片整理器/nxt-a1-meishi/.superpowers/brainstorm/35171-1777079750/content/design-export-select.html"}
{"type":"screen-updated","file":"/Users/Koji/Library/CloudStorage/GoogleDrive-koji@nxta.co/My Drive/NXT Product Development/NXT-A1 名片整理器/nxt-a1-meishi/.superpowers/brainstorm/35171-1777079750/content/design-export-select.html"}
{"type":"screen-updated","file":"/Users/Koji/Library/CloudStorage/GoogleDrive-koji@nxta.co/My Drive/NXT Product Development/NXT-A1 名片整理器/nxt-a1-meishi/.superpowers/brainstorm/35171-1777079750/content/design-export-select.html"}
{"type":"screen-updated","file":"/Users/Koji/Library/CloudStorage/GoogleDrive-koji@nxta.co/My Drive/NXT Product Development/NXT-A1 名片整理器/nxt-a1-meishi/.superpowers/brainstorm/35171-1777079750/content/design-export-select.html"}
{"type":"screen-added","file":"/Users/Koji/Library/CloudStorage/GoogleDrive-koji@nxta.co/My Drive/NXT Product Development/NXT-A1 名片整理器/nxt-a1-meishi/.superpowers/brainstorm/35171-1777079750/content/waiting-2.html"}
{"type":"screen-updated","file":"/Users/Koji/Library/CloudStorage/GoogleDrive-koji@nxta.co/My Drive/NXT Product Development/NXT-A1 名片整理器/nxt-a1-meishi/.superpowers/brainstorm/35171-1777079750/content/waiting-2.html"}
{"type":"screen-updated","file":"/Users/Koji/Library/CloudStorage/GoogleDrive-koji@nxta.co/My Drive/NXT Product Development/NXT-A1 名片整理器/nxt-a1-meishi/.superpowers/brainstorm/35171-1777079750/content/waiting-2.html"}
{"type":"screen-updated","file":"/Users/Koji/Library/CloudStorage/GoogleDrive-koji@nxta.co/My Drive/NXT Product Development/NXT-A1 名片整理器/nxt-a1-meishi/.superpowers/brainstorm/35171-1777079750/content/waiting-2.html"}
{"type":"server-stopped","reason":"idle timeout"}
